{"/Users/xiamingwei/Study/umi-e2e-test/src/layouts/index.tsx": {"path":"/Users/xiamingwei/Study/umi-e2e-test/src/layouts/index.tsx","statementMap":{"0":{"start":{"line":5,"column":2},"end":{"line":20,"column":4}}},"fnMap":{"0":{"name":"Layout","decl":{"start":{"line":4,"column":24},"end":{"line":4,"column":30}},"loc":{"start":{"line":4,"column":33},"end":{"line":21,"column":1}},"line":4}},"branchMap":{},"s":{"0":2},"f":{"0":2},"b":{},"_coverageSchema":"1a1c01bbd47fc00a2c39e90264f33305004495a9","hash":"ed1d3e2de21044b22ee7f7233e3ee5f50ef6295f"}
,"/Users/xiamingwei/Study/umi-e2e-test/src/pages/Form/index.tsx": {"path":"/Users/xiamingwei/Study/umi-e2e-test/src/pages/Form/index.tsx","statementMap":{"0":{"start":{"line":4,"column":17},"end":{"line":6,"column":1}},"1":{"start":{"line":5,"column":2},"end":{"line":5,"column":34}},"2":{"start":{"line":8,"column":23},"end":{"line":10,"column":1}},"3":{"start":{"line":9,"column":2},"end":{"line":9,"column":36}},"4":{"start":{"line":12,"column":22},"end":{"line":49,"column":1}},"5":{"start":{"line":13,"column":2},"end":{"line":48,"column":9}}},"fnMap":{"0":{"name":"(anonymous_0)","decl":{"start":{"line":4,"column":17},"end":{"line":4,"column":18}},"loc":{"start":{"line":4,"column":34},"end":{"line":6,"column":1}},"line":4},"1":{"name":"(anonymous_1)","decl":{"start":{"line":8,"column":23},"end":{"line":8,"column":24}},"loc":{"start":{"line":8,"column":43},"end":{"line":10,"column":1}},"line":8},"2":{"name":"(anonymous_2)","decl":{"start":{"line":12,"column":22},"end":{"line":12,"column":23}},"loc":{"start":{"line":13,"column":2},"end":{"line":48,"column":9}},"line":13}},"branchMap":{},"s":{"0":1,"1":1,"2":1,"3":1,"4":1,"5":1},"f":{"0":1,"1":1,"2":1},"b":{},"_coverageSchema":"1a1c01bbd47fc00a2c39e90264f33305004495a9","hash":"f8caeb1ddf5dec6951d590f74a980b943e60a4eb"}
}
